{"name": "Advanced Search user", "status": "broken", "statusDetails": {"message": "selenium.common.exceptions.NoSuchElementException: Message: no such element: Unable to locate element: {\"method\":\"xpath\",\"selector\":\"//input[@placeholder='Username']\"}\n  (Session info: chrome=120.0.6099.131); For documentation on this error, please visit: https://www.selenium.dev/documentation/webdriver/troubleshooting/errors#no-such-element-exception\nStacktrace:\n\tGetHandleVerifier [0x00007FF670D82142+3514994]\n\t(No symbol) [0x00007FF6709A0CE2]\n\t(No symbol) [0x00007FF6708476AA]\n\t(No symbol) [0x00007FF670891860]\n\t(No symbol) [0x00007FF67089197C]\n\t(No symbol) [0x00007FF6708D4EE7]\n\t(No symbol) [0x00007FF6708B602F]\n\t(No symbol) [0x00007FF6708D28F6]\n\t(No symbol) [0x00007FF6708B5D93]\n\t(No symbol) [0x00007FF670884BDC]\n\t(No symbol) [0x00007FF670885C64]\n\tGetHandleVerifier [0x00007FF670DAE16B+3695259]\n\tGetHandleVerifier [0x00007FF670E06737+4057191]\n\tGetHandleVerifier [0x00007FF670DFE4E3+4023827]\n\tGetHandleVerifier [0x00007FF670AD04F9+689705]\n\t(No symbol) [0x00007FF6709AC048]\n\t(No symbol) [0x00007FF6709A8044]\n\t(No symbol) [0x00007FF6709A81C9]\n\t(No symbol) [0x00007FF6709988C4]\n\tBaseThreadInitThunk [0x00007FFD3DB57344+20]\n\tRtlUserThreadStart [0x00007FFD3DDC26B1+33]\n\n", "trace": "  File \"C:\\Users\\Shuvo\\OneDrive - American International University-Bangladesh\\GitHub\\Selenium\\.venv\\behaveProject\\Lib\\site-packages\\behave\\model.py\", line 1329, in run\n    match.run(runner.context)\n  File \"C:\\Users\\Shuvo\\OneDrive - American International University-Bangladesh\\GitHub\\Selenium\\.venv\\behaveProject\\Lib\\site-packages\\behave\\matchers.py\", line 98, in run\n    self.func(context, *args, **kwargs)\n  File \"features\\steps\\scenariobg_steps.py\", line 20, in enter_information\n    context.driver.find_element(By.XPATH, \"//input[@placeholder='Username']\").send_keys(\"Admin\")\n    ^^^^^^^^^^^^^^^^^^^^^^^^^^^^^^^^^^^^^^^^^^^^^^^^^^^^^^^^^^^^^^^^^^^^^^^^^\n  File \"C:\\Users\\Shuvo\\OneDrive - American International University-Bangladesh\\GitHub\\Selenium\\.venv\\behaveProject\\Lib\\site-packages\\selenium\\webdriver\\remote\\webdriver.py\", line 742, in find_element\n    return self.execute(Command.FIND_ELEMENT, {\"using\": by, \"value\": value})[\"value\"]\n           ^^^^^^^^^^^^^^^^^^^^^^^^^^^^^^^^^^^^^^^^^^^^^^^^^^^^^^^^^^^^^^^^^\n  File \"C:\\Users\\Shuvo\\OneDrive - American International University-Bangladesh\\GitHub\\Selenium\\.venv\\behaveProject\\Lib\\site-packages\\selenium\\webdriver\\remote\\webdriver.py\", line 348, in execute\n    self.error_handler.check_response(response)\n  File \"C:\\Users\\Shuvo\\OneDrive - American International University-Bangladesh\\GitHub\\Selenium\\.venv\\behaveProject\\Lib\\site-packages\\selenium\\webdriver\\remote\\errorhandler.py\", line 229, in check_response\n    raise exception_class(message, screen, stacktrace)\n"}, "steps": [{"name": "Given I launch browser", "status": "passed", "start": 1704456007387, "stop": 1704456010109}, {"name": "When I open application", "status": "passed", "start": 1704456010109, "stop": 1704456012363}, {"name": "And Enter valid username and password", "status": "broken", "statusDetails": {"message": "selenium.common.exceptions.NoSuchElementException: Message: no such element: Unable to locate element: {\"method\":\"xpath\",\"selector\":\"//input[@placeholder='Username']\"}\n  (Session info: chrome=120.0.6099.131); For documentation on this error, please visit: https://www.selenium.dev/documentation/webdriver/troubleshooting/errors#no-such-element-exception\nStacktrace:\n\tGetHandleVerifier [0x00007FF670D82142+3514994]\n\t(No symbol) [0x00007FF6709A0CE2]\n\t(No symbol) [0x00007FF6708476AA]\n\t(No symbol) [0x00007FF670891860]\n\t(No symbol) [0x00007FF67089197C]\n\t(No symbol) [0x00007FF6708D4EE7]\n\t(No symbol) [0x00007FF6708B602F]\n\t(No symbol) [0x00007FF6708D28F6]\n\t(No symbol) [0x00007FF6708B5D93]\n\t(No symbol) [0x00007FF670884BDC]\n\t(No symbol) [0x00007FF670885C64]\n\tGetHandleVerifier [0x00007FF670DAE16B+3695259]\n\tGetHandleVerifier [0x00007FF670E06737+4057191]\n\tGetHandleVerifier [0x00007FF670DFE4E3+4023827]\n\tGetHandleVerifier [0x00007FF670AD04F9+689705]\n\t(No symbol) [0x00007FF6709AC048]\n\t(No symbol) [0x00007FF6709A8044]\n\t(No symbol) [0x00007FF6709A81C9]\n\t(No symbol) [0x00007FF6709988C4]\n\tBaseThreadInitThunk [0x00007FFD3DB57344+20]\n\tRtlUserThreadStart [0x00007FFD3DDC26B1+33]\n\n", "trace": "  File \"C:\\Users\\Shuvo\\OneDrive - American International University-Bangladesh\\GitHub\\Selenium\\.venv\\behaveProject\\Lib\\site-packages\\behave\\model.py\", line 1329, in run\n    match.run(runner.context)\n  File \"C:\\Users\\Shuvo\\OneDrive - American International University-Bangladesh\\GitHub\\Selenium\\.venv\\behaveProject\\Lib\\site-packages\\behave\\matchers.py\", line 98, in run\n    self.func(context, *args, **kwargs)\n  File \"features\\steps\\scenariobg_steps.py\", line 20, in enter_information\n    context.driver.find_element(By.XPATH, \"//input[@placeholder='Username']\").send_keys(\"Admin\")\n    ^^^^^^^^^^^^^^^^^^^^^^^^^^^^^^^^^^^^^^^^^^^^^^^^^^^^^^^^^^^^^^^^^^^^^^^^^\n  File \"C:\\Users\\Shuvo\\OneDrive - American International University-Bangladesh\\GitHub\\Selenium\\.venv\\behaveProject\\Lib\\site-packages\\selenium\\webdriver\\remote\\webdriver.py\", line 742, in find_element\n    return self.execute(Command.FIND_ELEMENT, {\"using\": by, \"value\": value})[\"value\"]\n           ^^^^^^^^^^^^^^^^^^^^^^^^^^^^^^^^^^^^^^^^^^^^^^^^^^^^^^^^^^^^^^^^^\n  File \"C:\\Users\\Shuvo\\OneDrive - American International University-Bangladesh\\GitHub\\Selenium\\.venv\\behaveProject\\Lib\\site-packages\\selenium\\webdriver\\remote\\webdriver.py\", line 348, in execute\n    self.error_handler.check_response(response)\n  File \"C:\\Users\\Shuvo\\OneDrive - American International University-Bangladesh\\GitHub\\Selenium\\.venv\\behaveProject\\Lib\\site-packages\\selenium\\webdriver\\remote\\errorhandler.py\", line 229, in check_response\n    raise exception_class(message, screen, stacktrace)\n"}, "start": 1704456012363, "stop": 1704456022432}, {"name": "And click on login", "status": "skipped", "start": 1704456022434, "stop": 1704456022434}, {"name": "When navigate to advanced search page", "status": "skipped", "start": 1704456022434, "stop": 1704456022434}, {"name": "Then advanced search page should display", "status": "skipped", "start": 1704456022434, "stop": 1704456022434}], "start": 1704456007386, "stop": 1704456022434, "uuid": "989b8e89-3700-46be-9ba2-35a6f92c7bd0", "historyId": "4d19486bcf038d25c803adad3f54ef67", "fullName": "OrangeHRM Login: Advanced Search user", "labels": [{"name": "severity", "value": "normal"}, {"name": "feature", "value": "OrangeHRM Login"}, {"name": "framework", "value": "behave"}, {"name": "language", "value": "cpython3"}]}